<?xml version="1.0" encoding="UTF-8"?>
<!-- Generated by org.testng.reporters.JUnitReportReporter -->
<testsuite hostname="LAPTOP-7FATCTMG" failures="0" tests="1" name="vibhaPlanitTest.TestCase3" time="14.219" errors="0" timestamp="2024-12-10T21:16:52 NZDT" skipped="0">
  <testcase classname="vibhaPlanitTest.TestCase3" name="verifyingCartTest" time="14.219"/>
</testsuite> <!-- vibhaPlanitTest.TestCase3 -->
