<?xml version="1.0" encoding="UTF-8"?>
<!-- Generated by org.testng.reporters.JUnitReportReporter -->
<testsuite hostname="LAPTOP-7FATCTMG" failures="0" tests="1" name="vibhaPlanitTest.TestCase1" time="11.903" errors="0" timestamp="2024-12-11T03:25:21 NZDT" skipped="0">
  <testcase classname="vibhaPlanitTest.TestCase1" name="verifyingCartTest" time="11.903"/>
</testsuite> <!-- vibhaPlanitTest.TestCase1 -->
