<?xml version="1.0" encoding="UTF-8"?>
<!-- Generated by org.testng.reporters.JUnitReportReporter -->
<testsuite hostname="LAPTOP-7FATCTMG" failures="0" tests="7" name="vibhaPlanitTest.PlanitJupiterTest" time="101.009" errors="0" timestamp="2024-12-11T03:28:52 NZDT" skipped="0">
  <testcase classname="vibhaPlanitTest.PlanitJupiterTest" name="SubmitContactDetailsAndVerifySuccessMessage" time="19.052"/>
  <testcase classname="vibhaPlanitTest.PlanitJupiterTest" name="SubmitContactDetailsAndVerifySuccessMessage" time="11.836"/>
  <testcase classname="vibhaPlanitTest.PlanitJupiterTest" name="VerifyContactPageErrorMessages" time="12.758"/>
  <testcase classname="vibhaPlanitTest.PlanitJupiterTest" name="SubmitContactDetailsAndVerifySuccessMessage" time="12.990"/>
  <testcase classname="vibhaPlanitTest.PlanitJupiterTest" name="verifyingCartTest" time="8.776"/>
  <testcase classname="vibhaPlanitTest.PlanitJupiterTest" name="SubmitContactDetailsAndVerifySuccessMessage" time="11.960"/>
  <testcase classname="vibhaPlanitTest.PlanitJupiterTest" name="SubmitContactDetailsAndVerifySuccessMessage" time="23.637"/>
</testsuite> <!-- vibhaPlanitTest.PlanitJupiterTest -->
